2018-03-18 15:37:03 INFO  ApacheHttpClient.createAsyncHttpClient(126) - Выбрано 1 прокси.
2018-03-18 15:37:04 INFO  ApacheHttpClient.<init>(87) - ApacheHttpClient проинстанциирован успешно.
2018-03-18 15:37:04 INFO  ApacheHttpClient.testConnection(184) - responseCode = 200
2018-03-18 15:37:04 INFO  ApacheHttpClient.testConnection(192) - result = true
2018-03-18 15:37:05 INFO  ApacheHttpClient.login(216) - Ожидание ответа сервера.
2018-03-18 15:37:05 INFO  ApacheHttpClient.login(216) - Ожидание ответа сервера.
2018-03-18 15:37:05 INFO  ApacheHttpClient.login(220) - responseCode = 200
2018-03-18 15:37:05 INFO  ApacheHttpClient.login(251) - JSESSIONID=7FFE68F83269950BEB36F24C454C27F8
2018-03-18 15:37:05 INFO  ApacheHttpClient.refreshUserInfo(279) - responseCode = 200
2018-03-18 15:37:05 INFO  ApacheHttpClient.refreshUserInfo(285) - Информация о пользователе получена.
2018-03-18 15:37:05 INFO  ApacheHttpClient.startGA(31) - GAService запущен.
2018-03-18 15:37:05 INFO  AbstractRestApiClient.startService(70) - EventsService запущен.
2018-03-18 15:38:58 INFO  JavaRushTasksProjectComponent.projectClosing(162) - ---------- Project JavaRushTasks closed ----------

2018-03-18 15:38:58 INFO  ApacheHttpClient.getTask(412) - responseCode = 200
2018-03-18 15:38:58 INFO  ApacheHttpClient.getTask(412) - responseCode = 200
2018-03-18 15:38:59 INFO  ApacheHttpClient.getTask(412) - responseCode = 200
2018-03-18 15:38:59 INFO  ApacheHttpClient.getTask(412) - responseCode = 200
2018-03-18 15:38:59 INFO  ApacheHttpClient.getTask(412) - responseCode = 200
2018-03-18 15:38:59 INFO  ApacheHttpClient.getTask(412) - responseCode = 200
2018-03-18 15:38:59 INFO  ApacheHttpClient.getTask(412) - responseCode = 200
2018-03-18 15:38:59 INFO  ApacheHttpClient.getTask(412) - responseCode = 200
2018-03-18 15:38:59 INFO  ApacheHttpClient.getTask(412) - responseCode = 200
2018-03-18 15:38:59 INFO  ApacheHttpClient.getTask(412) - responseCode = 200
2018-03-18 15:40:59 INFO  JavaRushTasksProjectComponent.projectOpened(68) - ---------- Project JavaRushTasks opened ----------

2018-03-18 15:40:59 INFO  ApacheHttpClient.createAsyncHttpClient(126) - Выбрано 1 прокси.
2018-03-18 15:40:59 INFO  ApacheHttpClient.<init>(87) - ApacheHttpClient проинстанциирован успешно.
2018-03-18 15:41:00 INFO  ApacheHttpClient.testConnection(184) - responseCode = 200
2018-03-18 15:41:00 INFO  ApacheHttpClient.testConnection(192) - result = true
2018-03-18 15:41:01 INFO  ApacheHttpClient.login(216) - Ожидание ответа сервера.
2018-03-18 15:41:01 INFO  ApacheHttpClient.login(216) - Ожидание ответа сервера.
2018-03-18 15:41:01 INFO  ApacheHttpClient.login(220) - responseCode = 200
2018-03-18 15:41:01 INFO  ApacheHttpClient.login(251) - JSESSIONID=9BF7302BD03840F24988BC2DA39A6EFA
2018-03-18 15:41:01 INFO  ApacheHttpClient.refreshUserInfo(279) - responseCode = 200
2018-03-18 15:41:01 INFO  ApacheHttpClient.refreshUserInfo(285) - Информация о пользователе получена.
2018-03-18 15:41:01 INFO  ApacheHttpClient.startGA(31) - GAService запущен.
2018-03-18 15:41:01 INFO  AbstractRestApiClient.startService(70) - EventsService запущен.
